Started GET "/products/6" for 127.0.0.1 at 2017-01-24 18:47:33 +0530
Processing by ProductsController#show as HTML
  Parameters: {"id"=>"6"}
  [1m[36mProduct Load (0.3ms)[0m  [1m[34mSELECT  "products".* FROM "products" WHERE "products"."id" = ? LIMIT ?[0m  [["id", 6], ["LIMIT", 1]]
  Rendering products/show.html.haml within layouts/application
  Rendered products/_simulation_buttons.html.haml (2.0ms)
  Rendered products/_simulation_form.html.haml (2.9ms)
  Rendered products/show.html.haml within layouts/application (10.8ms)
  Rendered layouts/_header.html.haml (1.6ms)
Completed 200 OK in 48ms (Views: 45.1ms | ActiveRecord: 0.3ms)


Started GET "/products/6/simulation_result?utf8=%E2%9C%93&product%5Bs_id%5D=v&product%5Bsensitive_factor%5D=40&commit=Submit" for 127.0.0.1 at 2017-01-24 18:47:41 +0530
Processing by ProductsController#simulation_result as JS
  Parameters: {"utf8"=>"✓", "product"=>{"s_id"=>"v", "sensitive_factor"=>"40"}, "commit"=>"Submit", "product_id"=>"6"}
  [1m[36mProduct Load (0.5ms)[0m  [1m[34mSELECT  "products".* FROM "products" WHERE "products"."id" = ? LIMIT ?[0m  [["id", 6], ["LIMIT", 1]]
  Rendering products/simulation_result.js.haml
  Rendered products/simulation_result.js.haml (3.4ms)
Completed 500 Internal Server Error in 9ms (ActiveRecord: 0.5ms)


  
ActionView::Template::Error (wrong number of arguments (given 0, expected 1..2)):
    1: $("#_charts").html("#{j column_chart()}");
    2: $("#simulatedGraph").html("#{j column_chart({'Simulated Price' => @sensitivity_factor})}");
  
app/views/products/simulation_result.js.haml:1:in `_app_views_products_simulation_result_js_haml__1312692868407201820_70251017493320'
  Rendering /home/shree/.rvm/gems/ruby-2.3.0/gems/actionpack-5.0.1/lib/action_dispatch/middleware/templates/rescues/template_error.text.erb
  Rendering /home/shree/.rvm/gems/ruby-2.3.0/gems/actionpack-5.0.1/lib/action_dispatch/middleware/templates/rescues/_trace.text.erb
  Rendered /home/shree/.rvm/gems/ruby-2.3.0/gems/actionpack-5.0.1/lib/action_dispatch/middleware/templates/rescues/_trace.text.erb (1.1ms)
  Rendering /home/shree/.rvm/gems/ruby-2.3.0/gems/actionpack-5.0.1/lib/action_dispatch/middleware/templates/rescues/_request_and_response.text.erb
  Rendered /home/shree/.rvm/gems/ruby-2.3.0/gems/actionpack-5.0.1/lib/action_dispatch/middleware/templates/rescues/_request_and_response.text.erb (0.8ms)
  Rendered /home/shree/.rvm/gems/ruby-2.3.0/gems/actionpack-5.0.1/lib/action_dispatch/middleware/templates/rescues/template_error.text.erb (12.6ms)
Started GET "/products/6" for 127.0.0.1 at 2017-01-24 18:48:02 +0530
Processing by ProductsController#show as HTML
  Parameters: {"id"=>"6"}
  [1m[36mProduct Load (0.3ms)[0m  [1m[34mSELECT  "products".* FROM "products" WHERE "products"."id" = ? LIMIT ?[0m  [["id", 6], ["LIMIT", 1]]
  Rendering products/show.html.haml within layouts/application
  Rendered products/_simulation_buttons.html.haml (4.5ms)
  Rendered products/_simulation_form.html.haml (2.0ms)
  Rendered products/show.html.haml within layouts/application (14.0ms)
  Rendered layouts/_header.html.haml (1.7ms)
Completed 200 OK in 52ms (Views: 49.4ms | ActiveRecord: 0.3ms)


Started GET "/products/6/simulation_result?utf8=%E2%9C%93&product%5Bs_id%5D=v&product%5Bsensitive_factor%5D=40&commit=Submit" for 127.0.0.1 at 2017-01-24 18:48:13 +0530
Processing by ProductsController#simulation_result as JS
  Parameters: {"utf8"=>"✓", "product"=>{"s_id"=>"v", "sensitive_factor"=>"40"}, "commit"=>"Submit", "product_id"=>"6"}
  [1m[36mProduct Load (0.2ms)[0m  [1m[34mSELECT  "products".* FROM "products" WHERE "products"."id" = ? LIMIT ?[0m  [["id", 6], ["LIMIT", 1]]
  Rendering products/simulation_result.js.haml
  Rendered products/simulation_result.js.haml (1.2ms)
Completed 200 OK in 6ms (Views: 4.1ms | ActiveRecord: 0.2ms)


Started GET "/products/6" for 127.0.0.1 at 2017-01-24 18:49:52 +0530
Processing by ProductsController#show as HTML
  Parameters: {"id"=>"6"}
  [1m[36mProduct Load (0.1ms)[0m  [1m[34mSELECT  "products".* FROM "products" WHERE "products"."id" = ? LIMIT ?[0m  [["id", 6], ["LIMIT", 1]]
  Rendering products/show.html.haml within layouts/application
  Rendered products/_simulation_buttons.html.haml (1.8ms)
  Rendered products/_simulation_form.html.haml (2.3ms)
  Rendered products/show.html.haml within layouts/application (11.6ms)
  Rendered layouts/_header.html.haml (3.4ms)
Completed 200 OK in 63ms (Views: 49.0ms | ActiveRecord: 1.3ms)


Started GET "/products/6/simulation_result?utf8=%E2%9C%93&product%5Bs_id%5D=v&product%5Bsensitive_factor%5D=40&commit=Submit" for 127.0.0.1 at 2017-01-24 18:50:05 +0530
Processing by ProductsController#simulation_result as JS
  Parameters: {"utf8"=>"✓", "product"=>{"s_id"=>"v", "sensitive_factor"=>"40"}, "commit"=>"Submit", "product_id"=>"6"}
  [1m[36mProduct Load (0.3ms)[0m  [1m[34mSELECT  "products".* FROM "products" WHERE "products"."id" = ? LIMIT ?[0m  [["id", 6], ["LIMIT", 1]]
  Rendering products/simulation_result.js.haml
  Rendered products/simulation_result.js.haml (2.8ms)
Completed 200 OK in 8ms (Views: 5.9ms | ActiveRecord: 0.3ms)


Started GET "/products/6" for 127.0.0.1 at 2017-01-24 18:50:48 +0530
Processing by ProductsController#show as HTML
  Parameters: {"id"=>"6"}
  [1m[36mProduct Load (0.1ms)[0m  [1m[34mSELECT  "products".* FROM "products" WHERE "products"."id" = ? LIMIT ?[0m  [["id", 6], ["LIMIT", 1]]
  Rendering products/show.html.haml within layouts/application
  Rendered products/_simulation_buttons.html.haml (2.1ms)
  Rendered products/_simulation_form.html.haml (2.5ms)
  Rendered products/show.html.haml within layouts/application (14.8ms)
  Rendered layouts/_header.html.haml (2.2ms)
Completed 200 OK in 70ms (Views: 54.1ms | ActiveRecord: 1.1ms)


Started GET "/products/6/simulation_result?utf8=%E2%9C%93&product%5Bs_id%5D=et&product%5Bsensitive_factor%5D=50&commit=Submit" for 127.0.0.1 at 2017-01-24 18:51:03 +0530
Processing by ProductsController#simulation_result as JS
  Parameters: {"utf8"=>"✓", "product"=>{"s_id"=>"et", "sensitive_factor"=>"50"}, "commit"=>"Submit", "product_id"=>"6"}
  [1m[36mProduct Load (0.4ms)[0m  [1m[34mSELECT  "products".* FROM "products" WHERE "products"."id" = ? LIMIT ?[0m  [["id", 6], ["LIMIT", 1]]
  Rendering products/simulation_result.js.haml
  Rendered products/simulation_result.js.haml (1.3ms)
Completed 200 OK in 7ms (Views: 2.8ms | ActiveRecord: 0.4ms)


Started GET "/products/6/simulation_result?utf8=%E2%9C%93&product%5Bs_id%5D=et&product%5Bsensitive_factor%5D=40&commit=Submit" for 127.0.0.1 at 2017-01-24 18:51:16 +0530
Processing by ProductsController#simulation_result as JS
  Parameters: {"utf8"=>"✓", "product"=>{"s_id"=>"et", "sensitive_factor"=>"40"}, "commit"=>"Submit", "product_id"=>"6"}
  [1m[36mProduct Load (0.9ms)[0m  [1m[34mSELECT  "products".* FROM "products" WHERE "products"."id" = ? LIMIT ?[0m  [["id", 6], ["LIMIT", 1]]
  Rendering products/simulation_result.js.haml
  Rendered products/simulation_result.js.haml (1.3ms)
Completed 200 OK in 8ms (Views: 3.7ms | ActiveRecord: 0.9ms)


Started GET "/products/6" for 127.0.0.1 at 2017-01-24 18:54:54 +0530
Processing by ProductsController#show as HTML
  Parameters: {"id"=>"6"}
  [1m[36mProduct Load (0.1ms)[0m  [1m[34mSELECT  "products".* FROM "products" WHERE "products"."id" = ? LIMIT ?[0m  [["id", 6], ["LIMIT", 1]]
  Rendering products/show.html.haml within layouts/application
  Rendered products/_simulation_buttons.html.haml (1.9ms)
  Rendered products/_simulation_form.html.haml (4.6ms)
  Rendered products/show.html.haml within layouts/application (14.7ms)
  Rendered layouts/_header.html.haml (1.6ms)
Completed 200 OK in 64ms (Views: 49.6ms | ActiveRecord: 0.7ms)


Started GET "/products/6/simulation_result?utf8=%E2%9C%93&product%5Bs_id%5D=sp&product%5Bsensitive_factor%5D=70&commit=Submit" for 127.0.0.1 at 2017-01-24 18:55:02 +0530
Processing by ProductsController#simulation_result as JS
  Parameters: {"utf8"=>"✓", "product"=>{"s_id"=>"sp", "sensitive_factor"=>"70"}, "commit"=>"Submit", "product_id"=>"6"}
  [1m[36mProduct Load (0.4ms)[0m  [1m[34mSELECT  "products".* FROM "products" WHERE "products"."id" = ? LIMIT ?[0m  [["id", 6], ["LIMIT", 1]]
Completed 500 Internal Server Error in 4ms (ActiveRecord: 0.4ms)


  
NoMethodError (undefined method `/' for "70":String):
  
app/models/product.rb:77:in `d_one'
app/models/product.rb:34:in `theta_call'
app/controllers/products_controller.rb:46:in `simulation_result'
  Rendering /home/shree/.rvm/gems/ruby-2.3.0/gems/actionpack-5.0.1/lib/action_dispatch/middleware/templates/rescues/diagnostics.text.erb
  Rendering /home/shree/.rvm/gems/ruby-2.3.0/gems/actionpack-5.0.1/lib/action_dispatch/middleware/templates/rescues/_source.text.erb
  Rendered /home/shree/.rvm/gems/ruby-2.3.0/gems/actionpack-5.0.1/lib/action_dispatch/middleware/templates/rescues/_source.text.erb (0.7ms)
  Rendering /home/shree/.rvm/gems/ruby-2.3.0/gems/actionpack-5.0.1/lib/action_dispatch/middleware/templates/rescues/_trace.text.erb
  Rendered /home/shree/.rvm/gems/ruby-2.3.0/gems/actionpack-5.0.1/lib/action_dispatch/middleware/templates/rescues/_trace.text.erb (0.6ms)
  Rendering /home/shree/.rvm/gems/ruby-2.3.0/gems/actionpack-5.0.1/lib/action_dispatch/middleware/templates/rescues/_request_and_response.text.erb
  Rendered /home/shree/.rvm/gems/ruby-2.3.0/gems/actionpack-5.0.1/lib/action_dispatch/middleware/templates/rescues/_request_and_response.text.erb (0.8ms)
  Rendered /home/shree/.rvm/gems/ruby-2.3.0/gems/actionpack-5.0.1/lib/action_dispatch/middleware/templates/rescues/diagnostics.text.erb (17.5ms)
Started GET "/products/6" for 127.0.0.1 at 2017-01-24 18:55:46 +0530
Processing by ProductsController#show as HTML
  Parameters: {"id"=>"6"}
  [1m[36mProduct Load (0.1ms)[0m  [1m[34mSELECT  "products".* FROM "products" WHERE "products"."id" = ? LIMIT ?[0m  [["id", 6], ["LIMIT", 1]]
  Rendering products/show.html.haml within layouts/application
  Rendered products/_simulation_buttons.html.haml (2.0ms)
  Rendered products/_simulation_form.html.haml (5.2ms)
  Rendered products/show.html.haml within layouts/application (14.2ms)
  Rendered layouts/_header.html.haml (3.4ms)
Completed 200 OK in 64ms (Views: 50.3ms | ActiveRecord: 0.7ms)


Started GET "/products/6/simulation_result?utf8=%E2%9C%93&product%5Bs_id%5D=sp&product%5Bsensitive_factor%5D=70&commit=Submit" for 127.0.0.1 at 2017-01-24 18:55:53 +0530
Processing by ProductsController#simulation_result as JS
  Parameters: {"utf8"=>"✓", "product"=>{"s_id"=>"sp", "sensitive_factor"=>"70"}, "commit"=>"Submit", "product_id"=>"6"}
  [1m[36mProduct Load (0.3ms)[0m  [1m[34mSELECT  "products".* FROM "products" WHERE "products"."id" = ? LIMIT ?[0m  [["id", 6], ["LIMIT", 1]]
  Rendering products/simulation_result.js.haml
  Rendered products/simulation_result.js.haml (1.3ms)
Completed 200 OK in 6ms (Views: 2.8ms | ActiveRecord: 0.3ms)


Started GET "/products/6/simulation_result?utf8=%E2%9C%93&product%5Bs_id%5D=sp&product%5Bsensitive_factor%5D=63&commit=Submit" for 127.0.0.1 at 2017-01-24 18:56:08 +0530
Processing by ProductsController#simulation_result as JS
  Parameters: {"utf8"=>"✓", "product"=>{"s_id"=>"sp", "sensitive_factor"=>"63"}, "commit"=>"Submit", "product_id"=>"6"}
  [1m[36mProduct Load (0.3ms)[0m  [1m[34mSELECT  "products".* FROM "products" WHERE "products"."id" = ? LIMIT ?[0m  [["id", 6], ["LIMIT", 1]]
  Rendering products/simulation_result.js.haml
  Rendered products/simulation_result.js.haml (2.6ms)
Completed 200 OK in 7ms (Views: 5.1ms | ActiveRecord: 0.3ms)


Started GET "/products/6/simulation_result?utf8=%E2%9C%93&product%5Bs_id%5D=sp&product%5Bsensitive_factor%5D=63&commit=Submit" for 127.0.0.1 at 2017-01-24 18:56:09 +0530
Processing by ProductsController#simulation_result as JS
  Parameters: {"utf8"=>"✓", "product"=>{"s_id"=>"sp", "sensitive_factor"=>"63"}, "commit"=>"Submit", "product_id"=>"6"}
  [1m[36mProduct Load (0.8ms)[0m  [1m[34mSELECT  "products".* FROM "products" WHERE "products"."id" = ? LIMIT ?[0m  [["id", 6], ["LIMIT", 1]]
  Rendering products/simulation_result.js.haml
  Rendered products/simulation_result.js.haml (1.3ms)
Completed 200 OK in 8ms (Views: 4.0ms | ActiveRecord: 0.8ms)


Started GET "/products/6/simulation_result?utf8=%E2%9C%93&product%5Bs_id%5D=sp&product%5Bsensitive_factor%5D=63&commit=Submit" for 127.0.0.1 at 2017-01-24 18:56:10 +0530
Processing by ProductsController#simulation_result as JS
  Parameters: {"utf8"=>"✓", "product"=>{"s_id"=>"sp", "sensitive_factor"=>"63"}, "commit"=>"Submit", "product_id"=>"6"}
  [1m[36mProduct Load (0.1ms)[0m  [1m[34mSELECT  "products".* FROM "products" WHERE "products"."id" = ? LIMIT ?[0m  [["id", 6], ["LIMIT", 1]]
  Rendering products/simulation_result.js.haml
  Rendered products/simulation_result.js.haml (1.2ms)
Completed 200 OK in 6ms (Views: 4.1ms | ActiveRecord: 0.1ms)


Started GET "/products/6/simulation_result?utf8=%E2%9C%93&product%5Bs_id%5D=sp&product%5Bsensitive_factor%5D=63&commit=Submit" for 127.0.0.1 at 2017-01-24 18:56:11 +0530
Processing by ProductsController#simulation_result as JS
  Parameters: {"utf8"=>"✓", "product"=>{"s_id"=>"sp", "sensitive_factor"=>"63"}, "commit"=>"Submit", "product_id"=>"6"}
  [1m[36mProduct Load (0.4ms)[0m  [1m[34mSELECT  "products".* FROM "products" WHERE "products"."id" = ? LIMIT ?[0m  [["id", 6], ["LIMIT", 1]]
  Rendering products/simulation_result.js.haml
  Rendered products/simulation_result.js.haml (1.2ms)
Completed 200 OK in 8ms (Views: 4.3ms | ActiveRecord: 0.4ms)


Started GET "/products/6/simulation_result?utf8=%E2%9C%93&product%5Bs_id%5D=sp&product%5Bsensitive_factor%5D=64&commit=Submit" for 127.0.0.1 at 2017-01-24 18:56:17 +0530
Processing by ProductsController#simulation_result as JS
  Parameters: {"utf8"=>"✓", "product"=>{"s_id"=>"sp", "sensitive_factor"=>"64"}, "commit"=>"Submit", "product_id"=>"6"}
  [1m[36mProduct Load (0.2ms)[0m  [1m[34mSELECT  "products".* FROM "products" WHERE "products"."id" = ? LIMIT ?[0m  [["id", 6], ["LIMIT", 1]]
  Rendering products/simulation_result.js.haml
  Rendered products/simulation_result.js.haml (1.2ms)
Completed 200 OK in 7ms (Views: 3.3ms | ActiveRecord: 0.2ms)


Started GET "/products/6/simulation_result?utf8=%E2%9C%93&product%5Bs_id%5D=sp&product%5Bsensitive_factor%5D=65&commit=Submit" for 127.0.0.1 at 2017-01-24 18:56:25 +0530
Processing by ProductsController#simulation_result as JS
  Parameters: {"utf8"=>"✓", "product"=>{"s_id"=>"sp", "sensitive_factor"=>"65"}, "commit"=>"Submit", "product_id"=>"6"}
  [1m[36mProduct Load (0.1ms)[0m  [1m[34mSELECT  "products".* FROM "products" WHERE "products"."id" = ? LIMIT ?[0m  [["id", 6], ["LIMIT", 1]]
  Rendering products/simulation_result.js.haml
  Rendered products/simulation_result.js.haml (1.8ms)
Completed 200 OK in 5ms (Views: 3.7ms | ActiveRecord: 0.1ms)


Started GET "/products/6" for 127.0.0.1 at 2017-01-24 18:58:22 +0530
Processing by ProductsController#show as HTML
  Parameters: {"id"=>"6"}
  [1m[36mProduct Load (0.2ms)[0m  [1m[34mSELECT  "products".* FROM "products" WHERE "products"."id" = ? LIMIT ?[0m  [["id", 6], ["LIMIT", 1]]
  Rendering products/show.html.haml within layouts/application
  Rendered products/_simulation_buttons.html.haml (4.7ms)
  Rendered products/_simulation_form.html.haml (2.4ms)
  Rendered products/show.html.haml within layouts/application (14.1ms)
  Rendered layouts/_header.html.haml (1.8ms)
Completed 200 OK in 64ms (Views: 49.4ms | ActiveRecord: 1.0ms)


Started GET "/products/6/simulation_result?utf8=%E2%9C%93&product%5Bs_id%5D=sp&product%5Bsensitive_factor%5D=65&commit=Submit" for 127.0.0.1 at 2017-01-24 18:58:29 +0530
Processing by ProductsController#simulation_result as JS
  Parameters: {"utf8"=>"✓", "product"=>{"s_id"=>"sp", "sensitive_factor"=>"65"}, "commit"=>"Submit", "product_id"=>"6"}
  [1m[36mProduct Load (0.1ms)[0m  [1m[34mSELECT  "products".* FROM "products" WHERE "products"."id" = ? LIMIT ?[0m  [["id", 6], ["LIMIT", 1]]
  Rendering products/simulation_result.js.haml
  Rendered products/simulation_result.js.haml (1.4ms)
Completed 200 OK in 5ms (Views: 3.5ms | ActiveRecord: 0.1ms)


Started GET "/products/6/simulation_result?utf8=%E2%9C%93&product%5Bs_id%5D=sp&product%5Bsensitive_factor%5D=60&commit=Submit" for 127.0.0.1 at 2017-01-24 18:58:38 +0530
Processing by ProductsController#simulation_result as JS
  Parameters: {"utf8"=>"✓", "product"=>{"s_id"=>"sp", "sensitive_factor"=>"60"}, "commit"=>"Submit", "product_id"=>"6"}
  [1m[36mProduct Load (0.3ms)[0m  [1m[34mSELECT  "products".* FROM "products" WHERE "products"."id" = ? LIMIT ?[0m  [["id", 6], ["LIMIT", 1]]
  Rendering products/simulation_result.js.haml
  Rendered products/simulation_result.js.haml (2.3ms)
Completed 200 OK in 6ms (Views: 4.4ms | ActiveRecord: 0.3ms)


Started GET "/products/6" for 127.0.0.1 at 2017-01-24 19:00:47 +0530
Processing by ProductsController#show as HTML
  Parameters: {"id"=>"6"}
  [1m[36mProduct Load (0.2ms)[0m  [1m[34mSELECT  "products".* FROM "products" WHERE "products"."id" = ? LIMIT ?[0m  [["id", 6], ["LIMIT", 1]]
  Rendering products/show.html.haml within layouts/application
  Rendered products/_simulation_buttons.html.haml (2.5ms)
  Rendered products/_simulation_form.html.haml (2.5ms)
  Rendered products/show.html.haml within layouts/application (11.4ms)
  Rendered layouts/_header.html.haml (2.6ms)
Completed 200 OK in 62ms (Views: 47.9ms | ActiveRecord: 0.8ms)


Started GET "/products/6/simulation_result?utf8=%E2%9C%93&product%5Bs_id%5D=v&product%5Bsensitive_factor%5D=40&commit=Submit" for 127.0.0.1 at 2017-01-24 19:00:57 +0530
Processing by ProductsController#simulation_result as JS
  Parameters: {"utf8"=>"✓", "product"=>{"s_id"=>"v", "sensitive_factor"=>"40"}, "commit"=>"Submit", "product_id"=>"6"}
  [1m[36mProduct Load (0.1ms)[0m  [1m[34mSELECT  "products".* FROM "products" WHERE "products"."id" = ? LIMIT ?[0m  [["id", 6], ["LIMIT", 1]]
  Rendering products/simulation_result.js.haml
  Rendered products/simulation_result.js.haml (1.8ms)
Completed 200 OK in 7ms (Views: 3.6ms | ActiveRecord: 0.1ms)


Started GET "/products/6" for 127.0.0.1 at 2017-01-24 19:02:45 +0530
Processing by ProductsController#show as HTML
  Parameters: {"id"=>"6"}
  [1m[36mProduct Load (0.2ms)[0m  [1m[34mSELECT  "products".* FROM "products" WHERE "products"."id" = ? LIMIT ?[0m  [["id", 6], ["LIMIT", 1]]
  Rendering products/show.html.haml within layouts/application
  Rendered products/_simulation_buttons.html.haml (1.9ms)
  Rendered products/_simulation_form.html.haml (4.2ms)
  Rendered products/show.html.haml within layouts/application (13.6ms)
  Rendered layouts/_header.html.haml (1.9ms)
Completed 200 OK in 63ms (Views: 49.4ms | ActiveRecord: 0.8ms)


Started GET "/products/6/simulation_result?utf8=%E2%9C%93&product%5Bs_id%5D=rfr&product%5Bsensitive_factor%5D=32&commit=Submit" for 127.0.0.1 at 2017-01-24 19:02:52 +0530
Processing by ProductsController#simulation_result as JS
  Parameters: {"utf8"=>"✓", "product"=>{"s_id"=>"rfr", "sensitive_factor"=>"32"}, "commit"=>"Submit", "product_id"=>"6"}
  [1m[36mProduct Load (0.1ms)[0m  [1m[34mSELECT  "products".* FROM "products" WHERE "products"."id" = ? LIMIT ?[0m  [["id", 6], ["LIMIT", 1]]
  Rendering products/simulation_result.js.haml
  Rendered products/simulation_result.js.haml (2.0ms)
Completed 200 OK in 9ms (Views: 5.4ms | ActiveRecord: 0.1ms)


Started GET "/products" for 127.0.0.1 at 2017-01-24 19:02:56 +0530
Processing by ProductsController#index as HTML
  Rendering products/index.html.haml within layouts/application
  [1m[36mProduct Load (0.3ms)[0m  [1m[34mSELECT  "products".* FROM "products" ORDER BY created_at DESC LIMIT ? OFFSET ?[0m  [["LIMIT", 10], ["OFFSET", 0]]
  Rendered products/index.html.haml within layouts/application (5.9ms)
  Rendered layouts/_header.html.haml (1.7ms)
Completed 200 OK in 87ms (Views: 42.8ms | ActiveRecord: 0.3ms)


Started GET "/" for 127.0.0.1 at 2017-01-24 19:03:18 +0530
Processing by StaticPagesController#home as HTML
  Rendering static_pages/home.html.haml within layouts/application
  Rendered static_pages/home.html.haml within layouts/application (1.0ms)
  Rendered layouts/_header.html.haml (1.6ms)
Completed 200 OK in 60ms (Views: 58.8ms | ActiveRecord: 0.0ms)


Started GET "/" for 127.0.0.1 at 2017-01-24 19:04:01 +0530
Processing by StaticPagesController#home as HTML
  Rendering static_pages/home.html.haml within layouts/application
  Rendered static_pages/home.html.haml within layouts/application (1.1ms)
  Rendered layouts/_header.html.haml (1.6ms)
Completed 200 OK in 2638ms (Views: 2636.4ms | ActiveRecord: 0.0ms)


Started GET "/" for 127.0.0.1 at 2017-01-24 19:04:26 +0530
Processing by StaticPagesController#home as HTML
  Rendering static_pages/home.html.haml within layouts/application
  Rendered static_pages/home.html.haml within layouts/application (1.2ms)
  Rendered layouts/_header.html.haml (1.6ms)
Completed 200 OK in 38ms (Views: 36.9ms | ActiveRecord: 0.0ms)


Started GET "/" for 127.0.0.1 at 2017-01-24 19:04:29 +0530
Processing by StaticPagesController#home as HTML
  Rendering static_pages/home.html.haml within layouts/application
  Rendered static_pages/home.html.haml within layouts/application (1.2ms)
  Rendered layouts/_header.html.haml (2.4ms)
Completed 200 OK in 48ms (Views: 46.8ms | ActiveRecord: 0.0ms)


Started GET "/products/new" for 127.0.0.1 at 2017-01-24 19:04:30 +0530
Processing by ProductsController#new as HTML
  Rendering products/new.html.haml within layouts/application
  Rendered shared/_error_messages.html.haml (1.1ms)
  Rendered products/_form.html.haml (50.4ms)
  Rendered products/new.html.haml within layouts/application (51.9ms)
  Rendered layouts/_header.html.haml (1.7ms)
Completed 200 OK in 116ms (Views: 107.2ms | ActiveRecord: 0.7ms)


Started GET "/products" for 127.0.0.1 at 2017-01-24 19:04:32 +0530
Processing by ProductsController#index as HTML
  Rendering products/index.html.haml within layouts/application
  [1m[36mProduct Load (0.6ms)[0m  [1m[34mSELECT  "products".* FROM "products" ORDER BY created_at DESC LIMIT ? OFFSET ?[0m  [["LIMIT", 10], ["OFFSET", 0]]
  Rendered products/index.html.haml within layouts/application (7.9ms)
  Rendered layouts/_header.html.haml (1.7ms)
Completed 200 OK in 59ms (Views: 56.4ms | ActiveRecord: 0.6ms)


Started GET "/products/new" for 127.0.0.1 at 2017-01-24 19:04:35 +0530
Processing by ProductsController#new as HTML
  Rendering products/new.html.haml within layouts/application
  Rendered shared/_error_messages.html.haml (2.4ms)
  Rendered products/_form.html.haml (18.1ms)
  Rendered products/new.html.haml within layouts/application (21.3ms)
  Rendered layouts/_header.html.haml (2.4ms)
Completed 200 OK in 71ms (Views: 69.5ms | ActiveRecord: 0.0ms)


Started GET "/products/6" for 127.0.0.1 at 2017-01-24 19:04:39 +0530
Processing by ProductsController#show as HTML
  Parameters: {"id"=>"6"}
  [1m[36mProduct Load (0.3ms)[0m  [1m[34mSELECT  "products".* FROM "products" WHERE "products"."id" = ? LIMIT ?[0m  [["id", 6], ["LIMIT", 1]]
  Rendering products/show.html.haml within layouts/application
  Rendered products/_simulation_buttons.html.haml (3.9ms)
  Rendered products/_simulation_form.html.haml (3.8ms)
  Rendered products/show.html.haml within layouts/application (16.3ms)
  Rendered layouts/_header.html.haml (3.3ms)
Completed 200 OK in 67ms (Views: 64.0ms | ActiveRecord: 0.3ms)


Started GET "/products/6" for 127.0.0.1 at 2017-01-24 19:05:33 +0530
Processing by ProductsController#show as HTML
  Parameters: {"id"=>"6"}
  [1m[36mProduct Load (0.2ms)[0m  [1m[34mSELECT  "products".* FROM "products" WHERE "products"."id" = ? LIMIT ?[0m  [["id", 6], ["LIMIT", 1]]
  Rendering products/show.html.haml within layouts/application
  Rendered products/_simulation_buttons.html.haml (3.4ms)
  Rendered products/_simulation_form.html.haml (5.5ms)
  Rendered products/show.html.haml within layouts/application (22.4ms)
  Rendered layouts/_header.html.haml (2.3ms)
Completed 200 OK in 202ms (Views: 183.0ms | ActiveRecord: 1.7ms)


Started GET "/products/6" for 127.0.0.1 at 2017-01-24 19:06:57 +0530
Processing by ProductsController#show as HTML
  Parameters: {"id"=>"6"}
  [1m[36mProduct Load (0.1ms)[0m  [1m[34mSELECT  "products".* FROM "products" WHERE "products"."id" = ? LIMIT ?[0m  [["id", 6], ["LIMIT", 1]]
  Rendering products/show.html.haml within layouts/application
  Rendered products/_simulation_buttons.html.haml (1.7ms)
  Rendered products/_simulation_form.html.haml (12.1ms)
  Rendered products/show.html.haml within layouts/application (19.2ms)
  Rendered layouts/_header.html.haml (1.8ms)
Completed 200 OK in 900ms (Views: 886.5ms | ActiveRecord: 0.7ms)


Started GET "/products/6" for 127.0.0.1 at 2017-01-24 19:07:35 +0530
Processing by ProductsController#show as HTML
  Parameters: {"id"=>"6"}
  [1m[36mProduct Load (0.1ms)[0m  [1m[34mSELECT  "products".* FROM "products" WHERE "products"."id" = ? LIMIT ?[0m  [["id", 6], ["LIMIT", 1]]
  Rendering products/show.html.haml within layouts/application
  Rendered products/_simulation_buttons.html.haml (1.7ms)
  Rendered products/_simulation_form.html.haml (1.9ms)
  Rendered products/show.html.haml within layouts/application (13.3ms)
  Rendered layouts/_header.html.haml (4.0ms)
Completed 200 OK in 321ms (Views: 319.5ms | ActiveRecord: 0.1ms)


Started GET "/products/6" for 127.0.0.1 at 2017-01-24 19:08:23 +0530
Processing by ProductsController#show as HTML
  Parameters: {"id"=>"6"}
  [1m[36mProduct Load (0.1ms)[0m  [1m[34mSELECT  "products".* FROM "products" WHERE "products"."id" = ? LIMIT ?[0m  [["id", 6], ["LIMIT", 1]]
  Rendering products/show.html.haml within layouts/application
  Rendered products/_simulation_buttons.html.haml (2.2ms)
  Rendered products/_simulation_form.html.haml (4.0ms)
  Rendered products/show.html.haml within layouts/application (14.4ms)
  Rendered layouts/_header.html.haml (1.8ms)
Completed 200 OK in 59ms (Views: 57.0ms | ActiveRecord: 0.1ms)


Started GET "/products/6" for 127.0.0.1 at 2017-01-24 19:08:28 +0530
Processing by ProductsController#show as HTML
  Parameters: {"id"=>"6"}
  [1m[36mProduct Load (0.3ms)[0m  [1m[34mSELECT  "products".* FROM "products" WHERE "products"."id" = ? LIMIT ?[0m  [["id", 6], ["LIMIT", 1]]
  Rendering products/show.html.haml within layouts/application
  Rendered products/_simulation_buttons.html.haml (2.1ms)
  Rendered products/_simulation_form.html.haml (1.9ms)
  Rendered products/show.html.haml within layouts/application (14.5ms)
  Rendered layouts/_header.html.haml (2.2ms)
Completed 200 OK in 54ms (Views: 51.9ms | ActiveRecord: 0.3ms)


